<?xml version="1.0" encoding="UTF-8"?>
<!-- Generated by org.testng.reporters.JUnitReportReporter -->
<testsuite hostname="DESKTOP-IC95140" failures="0" tests="1" name="com.Test.Test01" time="54.615" errors="0" timestamp="2022-07-02T11:25:16 IST" skipped="0">
  <testcase classname="com.Test.Test01" name="Test_001" time="54.615"/>
  <system-out/>
</testsuite> <!-- com.Test.Test01 -->
