<?xml version="1.0" encoding="UTF-8"?>
<!-- Generated by org.testng.reporters.JUnitReportReporter -->
<testsuite hostname="DESKTOP-IC95140" failures="0" tests="1" name="com.Test.Test02" time="31.362" errors="0" timestamp="2022-07-02T14:46:23 IST" skipped="0">
  <testcase classname="com.Test.Test02" name="Test_1" time="31.362"/>
  <system-out/>
</testsuite> <!-- com.Test.Test02 -->
